BeansBay_done/app/build/intermediates/manifest_merge_blame_file/debug/manifest-merger-blame-debug-report.txt
1<?xml version="1.0" encoding="utf-8"?>
2<manifest xmlns:android="http://schemas.android.com/apk/res/android"
3    package="com.example.beansbay"
4    android:versionCode="1"
5    android:versionName="1.0" >
6
7    <uses-sdk
8        android:minSdkVersion="21"
8-->src\main\AndroidManifest.xml
9        android:targetSdkVersion="33" />
9-->src\main\AndroidManifest.xml
10
11    <uses-permission android:name="android.permission.INTERNET" />
11-->src\main\AndroidManifest.xml:5:5-67
11-->src\main\AndroidManifest.xml:5:22-64
12
13    <permission
13-->[androidx.core:core:1.9.0] AndroidManifest.xml:22:5-24:47
14        android:name="com.example.beansbay.DYNAMIC_RECEIVER_NOT_EXPORTED_PERMISSION"
14-->[androidx.core:core:1.9.0] AndroidManifest.xml:23:9-81
15        android:protectionLevel="signature" />
15-->[androidx.core:core:1.9.0] AndroidManifest.xml:24:9-44
16
17    <uses-permission android:name="com.example.beansbay.DYNAMIC_RECEIVER_NOT_EXPORTED_PERMISSION" />
17-->[androidx.core:core:1.9.0] AndroidManifest.xml:26:5-97
17-->[androidx.core:core:1.9.0] AndroidManifest.xml:26:22-94
18
19    <application
19-->src\main\AndroidManifest.xml:7:5-88:19
20        android:allowBackup="true"
20-->src\main\AndroidManifest.xml:8:9-35
21        android:appComponentFactory="androidx.core.app.CoreComponentFactory"
21-->[androidx.core:core:1.9.0] AndroidManifest.xml:28:18-86
22        android:dataExtractionRules="@xml/data_extraction_rules"
22-->src\main\AndroidManifest.xml:9:9-65
23        android:debuggable="true"
24        android:fullBackupContent="@xml/backup_rules"
24-->src\main\AndroidManifest.xml:10:9-54
25        android:icon="@mipmap/ic_launcher"
25-->src\main\AndroidManifest.xml:11:9-43
26        android:label="@string/app_name"
26-->src\main\AndroidManifest.xml:12:9-41
27        android:roundIcon="@mipmap/ic_launcher_round"
27-->src\main\AndroidManifest.xml:13:9-54
28        android:supportsRtl="true"
28-->src\main\AndroidManifest.xml:14:9-35
29        android:theme="@style/Theme.BeansBay" >
29-->src\main\AndroidManifest.xml:15:9-46
30        <activity
30-->src\main\AndroidManifest.xml:17:9-23:20
31            android:name="com.example.beansbay.ui.signup.Signup2Activity"
31-->src\main\AndroidManifest.xml:18:13-54
32            android:exported="false" >
32-->src\main\AndroidManifest.xml:19:13-37
33            <meta-data
33-->src\main\AndroidManifest.xml:20:13-22:36
34                android:name="android.app.lib_name"
34-->src\main\AndroidManifest.xml:21:17-52
35                android:value="" />
35-->src\main\AndroidManifest.xml:22:17-33
36        </activity>
37        <activity
37-->src\main\AndroidManifest.xml:24:9-30:20
38            android:name="com.example.beansbay.ui.history.HistoryActivity"
38-->src\main\AndroidManifest.xml:25:13-55
39            android:exported="false" >
39-->src\main\AndroidManifest.xml:26:13-37
40            <meta-data
40-->src\main\AndroidManifest.xml:20:13-22:36
41                android:name="android.app.lib_name"
41-->src\main\AndroidManifest.xml:21:17-52
42                android:value="" />
42-->src\main\AndroidManifest.xml:22:17-33
43        </activity>
44        <activity
44-->src\main\AndroidManifest.xml:31:9-37:20
45            android:name="com.example.beansbay.ui.search.SearchActivity"
45-->src\main\AndroidManifest.xml:32:13-53
46            android:exported="false" >
46-->src\main\AndroidManifest.xml:33:13-37
47            <meta-data
47-->src\main\AndroidManifest.xml:20:13-22:36
48                android:name="android.app.lib_name"
48-->src\main\AndroidManifest.xml:21:17-52
49                android:value="" />
49-->src\main\AndroidManifest.xml:22:17-33
50        </activity>
51        <activity
51-->src\main\AndroidManifest.xml:38:9-44:20
52            android:name="com.example.beansbay.ui.settings.SettingsActivity"
52-->src\main\AndroidManifest.xml:39:13-57
53            android:exported="false" >
53-->src\main\AndroidManifest.xml:40:13-37
54            <meta-data
54-->src\main\AndroidManifest.xml:20:13-22:36
55                android:name="android.app.lib_name"
55-->src\main\AndroidManifest.xml:21:17-52
56                android:value="" />
56-->src\main\AndroidManifest.xml:22:17-33
57        </activity>
58        <activity
58-->src\main\AndroidManifest.xml:45:9-47:40
59            android:name="com.example.beansbay.ui.checkout.CheckoutActivity"
59-->src\main\AndroidManifest.xml:46:13-57
60            android:exported="false" />
60-->src\main\AndroidManifest.xml:47:13-37
61        <activity
61-->src\main\AndroidManifest.xml:48:9-50:40
62            android:name="com.example.beansbay.ui.login.LoginActivity"
62-->src\main\AndroidManifest.xml:49:13-51
63            android:exported="false" />
63-->src\main\AndroidManifest.xml:50:13-37
64        <activity
64-->src\main\AndroidManifest.xml:51:9-53:40
65            android:name="com.example.beansbay.ui.signup.SignupActivity"
65-->src\main\AndroidManifest.xml:52:13-53
66            android:exported="false" />
66-->src\main\AndroidManifest.xml:53:13-37
67        <activity
67-->src\main\AndroidManifest.xml:54:9-60:20
68            android:name="com.example.beansbay.setting.DarkModeActivity"
68-->src\main\AndroidManifest.xml:55:13-53
69            android:exported="false" >
69-->src\main\AndroidManifest.xml:56:13-37
70            <meta-data
70-->src\main\AndroidManifest.xml:20:13-22:36
71                android:name="android.app.lib_name"
71-->src\main\AndroidManifest.xml:21:17-52
72                android:value="" />
72-->src\main\AndroidManifest.xml:22:17-33
73        </activity>
74        <activity
74-->src\main\AndroidManifest.xml:61:9-73:20
75            android:name="com.example.beansbay.ui.welcome.WelcomeScreen"
75-->src\main\AndroidManifest.xml:62:13-53
76            android:exported="true" >
76-->src\main\AndroidManifest.xml:63:13-36
77            <intent-filter>
77-->src\main\AndroidManifest.xml:64:13-68:29
78                <action android:name="android.intent.action.MAIN" />
78-->src\main\AndroidManifest.xml:65:17-69
78-->src\main\AndroidManifest.xml:65:25-66
79
80                <category android:name="android.intent.category.LAUNCHER" />
80-->src\main\AndroidManifest.xml:67:17-77
80-->src\main\AndroidManifest.xml:67:27-74
81            </intent-filter>
82
83            <meta-data
83-->src\main\AndroidManifest.xml:20:13-22:36
84                android:name="android.app.lib_name"
84-->src\main\AndroidManifest.xml:21:17-52
85                android:value="" />
85-->src\main\AndroidManifest.xml:22:17-33
86        </activity>
87        <activity
87-->src\main\AndroidManifest.xml:74:9-80:20
88            android:name="com.example.beansbay.ui.detail.DetailProduct"
88-->src\main\AndroidManifest.xml:75:13-52
89            android:exported="false" >
89-->src\main\AndroidManifest.xml:76:13-37
90            <meta-data
90-->src\main\AndroidManifest.xml:20:13-22:36
91                android:name="android.app.lib_name"
91-->src\main\AndroidManifest.xml:21:17-52
92                android:value="" />
92-->src\main\AndroidManifest.xml:22:17-33
93        </activity>
94        <activity
94-->src\main\AndroidManifest.xml:81:9-87:20
95            android:name="com.example.beansbay.ui.main.MainActivity"
95-->src\main\AndroidManifest.xml:82:13-49
96            android:exported="false" >
96-->src\main\AndroidManifest.xml:83:13-37
97            <meta-data
97-->src\main\AndroidManifest.xml:20:13-22:36
98                android:name="android.app.lib_name"
98-->src\main\AndroidManifest.xml:21:17-52
99                android:value="" />
99-->src\main\AndroidManifest.xml:22:17-33
100        </activity>
101
102        <provider
102-->[androidx.emoji2:emoji2:1.2.0] AndroidManifest.xml:24:9-32:20
103            android:name="androidx.startup.InitializationProvider"
103-->[androidx.emoji2:emoji2:1.2.0] AndroidManifest.xml:25:13-67
104            android:authorities="com.example.beansbay.androidx-startup"
104-->[androidx.emoji2:emoji2:1.2.0] AndroidManifest.xml:26:13-68
105            android:exported="false" >
105-->[androidx.emoji2:emoji2:1.2.0] AndroidManifest.xml:27:13-37
106            <meta-data
106-->[androidx.emoji2:emoji2:1.2.0] AndroidManifest.xml:29:13-31:52
107                android:name="androidx.emoji2.text.EmojiCompatInitializer"
107-->[androidx.emoji2:emoji2:1.2.0] AndroidManifest.xml:30:17-75
108                android:value="androidx.startup" />
108-->[androidx.emoji2:emoji2:1.2.0] AndroidManifest.xml:31:17-49
109            <meta-data
109-->[androidx.lifecycle:lifecycle-process:2.6.0] AndroidManifest.xml:29:13-31:52
110                android:name="androidx.lifecycle.ProcessLifecycleInitializer"
110-->[androidx.lifecycle:lifecycle-process:2.6.0] AndroidManifest.xml:30:17-78
111                android:value="androidx.startup" />
111-->[androidx.lifecycle:lifecycle-process:2.6.0] AndroidManifest.xml:31:17-49
112            <meta-data
112-->[androidx.profileinstaller:profileinstaller:1.2.1] AndroidManifest.xml:30:13-32:52
113                android:name="androidx.profileinstaller.ProfileInstallerInitializer"
113-->[androidx.profileinstaller:profileinstaller:1.2.1] AndroidManifest.xml:31:17-85
114                android:value="androidx.startup" />
114-->[androidx.profileinstaller:profileinstaller:1.2.1] AndroidManifest.xml:32:17-49
115        </provider>
116
117        <receiver
117-->[androidx.profileinstaller:profileinstaller:1.2.1] AndroidManifest.xml:35:9-47:20
118            android:name="androidx.profileinstaller.ProfileInstallReceiver"
118-->[androidx.profileinstaller:profileinstaller:1.2.1] AndroidManifest.xml:36:13-76
119            android:directBootAware="false"
119-->[androidx.profileinstaller:profileinstaller:1.2.1] AndroidManifest.xml:37:13-44
120            android:enabled="true"
120-->[androidx.profileinstaller:profileinstaller:1.2.1] AndroidManifest.xml:38:13-35
121            android:exported="true"
121-->[androidx.profileinstaller:profileinstaller:1.2.1] AndroidManifest.xml:39:13-36
122            android:permission="android.permission.DUMP" >
122-->[androidx.profileinstaller:profileinstaller:1.2.1] AndroidManifest.xml:40:13-57
123            <intent-filter>
123-->[androidx.profileinstaller:profileinstaller:1.2.1] AndroidManifest.xml:41:13-43:29
124                <action android:name="androidx.profileinstaller.action.INSTALL_PROFILE" />
124-->[androidx.profileinstaller:profileinstaller:1.2.1] AndroidManifest.xml:42:17-91
124-->[androidx.profileinstaller:profileinstaller:1.2.1] AndroidManifest.xml:42:25-88
125            </intent-filter>
126            <intent-filter>
126-->[androidx.profileinstaller:profileinstaller:1.2.1] AndroidManifest.xml:44:13-46:29
127                <action android:name="androidx.profileinstaller.action.SKIP_FILE" />
127-->[androidx.profileinstaller:profileinstaller:1.2.1] AndroidManifest.xml:45:17-85
127-->[androidx.profileinstaller:profileinstaller:1.2.1] AndroidManifest.xml:45:25-82
128            </intent-filter>
129        </receiver>
130    </application>
131
132</manifest>